<?xml version="1.0" encoding="UTF-8"?>
<!-- Generated by org.testng.reporters.JUnitReportReporter -->
<testsuite hostname="TYSS-Vivek-Arun" failures="0" tests="1" name="module1.GenerateRandomNumber" time="0.006" errors="0" timestamp="2024-01-21T11:08:40 IST" skipped="0">
  <testcase classname="module1.GenerateRandomNumber" name="GenerateRandomNumber" time="0.006"/>
  <system-out/>
</testsuite> <!-- module1.GenerateRandomNumber -->
